<?xml version="1.0" encoding="UTF-8"?>
<!-- Generated by org.testng.reporters.JUnitXMLReporter -->
<testsuite hostname="Sarath-PC" ignored="0" name="BookATicket" tests="7" failures="0" timestamp="07 Jun 2018 07:20:08 GMT" time="224.16" errors="0">
  <testcase name="@BeforeTest setup" time="23.755" classname="org.bookMyShow.qa.testcases.WelcomePageTests">
    <failure type="org.openqa.selenium.TimeoutException" message="timeout
  (Session info: chrome=66.0.3359.181)
  (Driver info: chromedriver=2.38.552522 (437e6fbedfa8762dec75e2c5b3ddb86763dc9dcb),platform=Windows NT 6.1.7601 SP1 x86_64) (WARNING: The server did not provide any stacktrace information)
Command duration or timeout: 0 milliseconds
Build info: version: &amp;apos;3.5.3&amp;apos;, revision: &amp;apos;a88d25fe6b&amp;apos;, time: &amp;apos;2017-08-29T12:42:44.417Z&amp;apos;
System info: host: &amp;apos;SARATH-PC&amp;apos;, ip: &amp;apos;169.254.104.3&amp;apos;, os.name: &amp;apos;Windows 7&amp;apos;, os.arch: &amp;apos;amd64&amp;apos;, os.version: &amp;apos;6.1&amp;apos;, java.version: &amp;apos;1.8.0_171&amp;apos;
Driver info: org.openqa.selenium.chrome.ChromeDriver
Capabilities [{mobileEmulationEnabled=false, hasTouchScreen=false, platform=XP, acceptSslCerts=false, acceptInsecureCerts=false, webStorageEnabled=true, browserName=chrome, takesScreenshot=true, javascriptEnabled=true, platformName=XP, setWindowRect=true, unexpectedAlertBehaviour=, applicationCacheEnabled=false, rotatable=false, networkConnectionEnabled=false, chrome={chromedriverVersion=2.38.552522 (437e6fbedfa8762dec75e2c5b3ddb86763dc9dcb), userDataDir=C:\Users\Sarath\AppData\Local\Temp\scoped_dir4676_7996}, takesHeapSnapshot=true, pageLoadStrategy=normal, unhandledPromptBehavior=, databaseEnabled=false, handlesAlerts=true, version=66.0.3359.181, browserConnectionEnabled=false, nativeEvents=true, locationContextEnabled=true, cssSelectorsEnabled=true}]
Session ID: b4f3a10ab86ec6b9488065954688d0f8">
      <![CDATA[org.openqa.selenium.TimeoutException: timeout
  (Session info: chrome=66.0.3359.181)
  (Driver info: chromedriver=2.38.552522 (437e6fbedfa8762dec75e2c5b3ddb86763dc9dcb),platform=Windows NT 6.1.7601 SP1 x86_64) (WARNING: The server did not provide any stacktrace information)
Command duration or timeout: 0 milliseconds
Build info: version: '3.5.3', revision: 'a88d25fe6b', time: '2017-08-29T12:42:44.417Z'
System info: host: 'SARATH-PC', ip: '169.254.104.3', os.name: 'Windows 7', os.arch: 'amd64', os.version: '6.1', java.version: '1.8.0_171'
Driver info: org.openqa.selenium.chrome.ChromeDriver
Capabilities [{mobileEmulationEnabled=false, hasTouchScreen=false, platform=XP, acceptSslCerts=false, acceptInsecureCerts=false, webStorageEnabled=true, browserName=chrome, takesScreenshot=true, javascriptEnabled=true, platformName=XP, setWindowRect=true, unexpectedAlertBehaviour=, applicationCacheEnabled=false, rotatable=false, networkConnectionEnabled=false, chrome={chromedriverVersion=2.38.552522 (437e6fbedfa8762dec75e2c5b3ddb86763dc9dcb), userDataDir=C:\Users\Sarath\AppData\Local\Temp\scoped_dir4676_7996}, takesHeapSnapshot=true, pageLoadStrategy=normal, unhandledPromptBehavior=, databaseEnabled=false, handlesAlerts=true, version=66.0.3359.181, browserConnectionEnabled=false, nativeEvents=true, locationContextEnabled=true, cssSelectorsEnabled=true}]
Session ID: b4f3a10ab86ec6b9488065954688d0f8
	at org.openqa.selenium.remote.ErrorHandler.createThrowable(ErrorHandler.java:215)
	at org.openqa.selenium.remote.ErrorHandler.throwIfResponseFailed(ErrorHandler.java:167)
	at org.openqa.selenium.remote.http.JsonHttpResponseCodec.reconstructValue(JsonHttpResponseCodec.java:40)
	at org.openqa.selenium.remote.http.AbstractHttpResponseCodec.decode(AbstractHttpResponseCodec.java:82)
	at org.openqa.selenium.remote.http.AbstractHttpResponseCodec.decode(AbstractHttpResponseCodec.java:45)
	at org.openqa.selenium.remote.HttpCommandExecutor.execute(HttpCommandExecutor.java:164)
	at org.openqa.selenium.remote.service.DriverCommandExecutor.execute(DriverCommandExecutor.java:82)
	at org.openqa.selenium.remote.RemoteWebDriver.execute(RemoteWebDriver.java:646)
	at org.openqa.selenium.remote.RemoteWebDriver.get(RemoteWebDriver.java:370)
	at org.bookMyShow.qa.base.TestBase.initialization(TestBase.java:40)
	at org.bookMyShow.qa.testcases.WelcomePageTests.setup(WelcomePageTests.java:21)
... Removed 27 stack frames]]>
    </failure>
  </testcase> <!-- @BeforeTest setup -->
  <testcase name="logincheck" time="0.0" classname="org.bookMyShow.qa.testcases.LoginTests">
    <skipped/>
  </testcase> <!-- logincheck -->
  <testcase name="search" time="0.0" classname="org.bookMyShow.qa.testcases.SearchMovieTests">
    <skipped/>
  </testcase> <!-- search -->
  <testcase name="selectNoOfSeat" time="0.001" classname="org.bookMyShow.qa.testcases.SeatSelectionTests">
    <skipped/>
  </testcase> <!-- selectNoOfSeat -->
  <testcase name="selectdate" time="0.0" classname="org.bookMyShow.qa.testcases.SelectMovieTimingsTests">
    <skipped/>
  </testcase> <!-- selectdate -->
  <testcase name="regionTest" time="0.0" classname="org.bookMyShow.qa.testcases.WelcomePageTests">
    <skipped/>
  </testcase> <!-- regionTest -->
  <testcase name="selectseat" time="0.0" classname="org.bookMyShow.qa.testcases.SeatSelectionTests">
    <skipped/>
  </testcase> <!-- selectseat -->
  <testcase name="selectTheatreTiming" time="0.0" classname="org.bookMyShow.qa.testcases.SelectMovieTimingsTests">
    <skipped/>
  </testcase> <!-- selectTheatreTiming -->
</testsuite> <!-- BookATicket -->
